  List.cpp
D:\R4196\Методы трансляции\Lab_1\List.h(8,7): error C2061: синтаксическая ошибка: идентификатор "vector"
D:\R4196\Методы трансляции\Lab_1\List.h(9,14): error C2061: синтаксическая ошибка: идентификатор "string"
D:\R4196\Методы трансляции\Lab_1\List.h(10,9): error C3646: find: неизвестный спецификатор переопределения
D:\R4196\Методы трансляции\Lab_1\List.h(10,13): error C2059: синтаксическая ошибка: (
D:\R4196\Методы трансляции\Lab_1\List.h(10,25): error C2238: непредвиденные лексемы перед ";"
D:\R4196\Методы трансляции\Lab_1\List.h(11,9): error C3646: find: неизвестный спецификатор переопределения
D:\R4196\Методы трансляции\Lab_1\List.h(11,13): error C2059: синтаксическая ошибка: (
D:\R4196\Методы трансляции\Lab_1\List.h(11,24): error C2238: непредвиденные лексемы перед ";"
D:\R4196\Методы трансляции\Lab_1\List.h(12,18): error C2061: синтаксическая ошибка: идентификатор "string"
D:\R4196\Методы трансляции\Lab_1\List.h(15,9): error C3646: id: неизвестный спецификатор переопределения
D:\R4196\Методы трансляции\Lab_1\List.h(15,11): error C4430: отсутствует спецификатор типа - предполагается int. Примечание. C++ не поддерживает int по умолчанию
D:\R4196\Методы трансляции\Lab_1\List.h(16,7): error C2039: "unique_ptr": не является членом "std".
C:\Program Files (x86)\Microsoft Visual Studio\2019\Community\VC\Tools\MSVC\14.29.30037\include\vector(24): message : см. объявление "std"
D:\R4196\Методы трансляции\Lab_1\List.h(16,17): error C2143: синтаксическая ошибка: отсутствие ";" перед "<"
D:\R4196\Методы трансляции\Lab_1\List.h(16,17): error C4430: отсутствует спецификатор типа - предполагается int. Примечание. C++ не поддерживает int по умолчанию
D:\R4196\Методы трансляции\Lab_1\List.h(16,28): error C2238: непредвиденные лексемы перед ";"
D:\R4196\Методы трансляции\Lab_1\List.cpp(3,7): error C7550: "List::{ctor}": полное имя в этом контексте называет конструктор, а не тип.
D:\R4196\Методы трансляции\Lab_1\List.cpp(3,12): error C2065: vector: необъявленный идентификатор
D:\R4196\Методы трансляции\Lab_1\List.cpp(3,19): error C2065: string: необъявленный идентификатор
D:\R4196\Методы трансляции\Lab_1\List.cpp(3,27): error C2065: listId: необъявленный идентификатор
D:\R4196\Методы трансляции\Lab_1\List.cpp(4,1): error C2059: синтаксическая ошибка: {
D:\R4196\Методы трансляции\Lab_1\List.cpp(4,1): error C2143: синтаксическая ошибка: отсутствие ";" перед "{"
D:\R4196\Методы трансляции\Lab_1\List.cpp(4,1): error C2447: {: отсутствует заголовок функции (возможно, используется формальный список старого типа)
D:\R4196\Методы трансляции\Lab_1\List.cpp(7,26): error C2761: "void List::addEnd(void)": повторное объявление члена запрещено.
D:\R4196\Методы трансляции\Lab_1\List.cpp(7,19): error C2065: string: необъявленный идентификатор
D:\R4196\Методы трансляции\Lab_1\List.cpp(7,26): error C2146: синтаксическая ошибка: отсутствие ")" перед идентификатором "newId"
D:\R4196\Методы трансляции\Lab_1\List.cpp(8,1): error C2143: синтаксическая ошибка: отсутствие ";" перед "{"
D:\R4196\Методы трансляции\Lab_1\List.cpp(8,1): error C2447: {: отсутствует заголовок функции (возможно, используется формальный список старого типа)
D:\R4196\Методы трансляции\Lab_1\List.cpp(11,14): error C2039: "find": не является членом "List".
D:\R4196\Методы трансляции\Lab_1\List.h(5): message : см. объявление "List"
D:\R4196\Методы трансляции\Lab_1\List.cpp(11,18): error C4430: отсутствует спецификатор типа - предполагается int. Примечание. C++ не поддерживает int по умолчанию
D:\R4196\Методы трансляции\Lab_1\List.cpp(11,18): error C2146: синтаксическая ошибка: отсутствие ";" перед идентификатором "find"
D:\R4196\Методы трансляции\Lab_1\List.cpp(12,1): error C2143: синтаксическая ошибка: отсутствие ";" перед "{"
D:\R4196\Методы трансляции\Lab_1\List.cpp(12,1): error C2447: {: отсутствует заголовок функции (возможно, используется формальный список старого типа)
D:\R4196\Методы трансляции\Lab_1\List.cpp(16,14): error C2039: "find": не является членом "List".
D:\R4196\Методы трансляции\Lab_1\List.h(5): message : см. объявление "List"
D:\R4196\Методы трансляции\Lab_1\List.cpp(16,18): error C4430: отсутствует спецификатор типа - предполагается int. Примечание. C++ не поддерживает int по умолчанию
D:\R4196\Методы трансляции\Lab_1\List.cpp(16,1): error C2086: int string: переопределение
D:\R4196\Методы трансляции\Lab_1\List.cpp(11): message : см. объявление "string"
D:\R4196\Методы трансляции\Lab_1\List.cpp(16,18): error C2146: синтаксическая ошибка: отсутствие ";" перед идентификатором "find"
D:\R4196\Методы трансляции\Lab_1\List.cpp(17,1): error C2143: синтаксическая ошибка: отсутствие ";" перед "{"
D:\R4196\Методы трансляции\Lab_1\List.cpp(17,1): error C2447: {: отсутствует заголовок функции (возможно, используется формальный список старого типа)
D:\R4196\Методы трансляции\Lab_1\List.cpp(21,30): error C2761: "void List::delElement(void)": повторное объявление члена запрещено.
D:\R4196\Методы трансляции\Lab_1\List.cpp(21,30): error C2146: синтаксическая ошибка: отсутствие ")" перед идентификатором "dId"
D:\R4196\Методы трансляции\Lab_1\List.cpp(22,1): error C2143: синтаксическая ошибка: отсутствие ";" перед "{"
D:\R4196\Методы трансляции\Lab_1\List.cpp(22,1): error C2447: {: отсутствует заголовок функции (возможно, используется формальный список старого типа)
